2023-03-06   08:58:08 org.apache.ibatis.logging.LogFactory.setImplementation(LogFactory.java:105) LogFactory.java DEBUG Logging initialized using 'class org.apache.ibatis.logging.log4j.Log4jImpl' adapter.
2023-03-06   08:58:08 org.mybatis.logging.Logger.debug(Logger.java:49) Logger.java DEBUG Creating a new SqlSession
2023-03-06   08:58:08 org.mybatis.logging.Logger.debug(Logger.java:49) Logger.java DEBUG SqlSession [org.apache.ibatis.session.defaults.DefaultSqlSession@3aaf4f07] was not registered for synchronization because synchronization is not active
2023-03-06   08:58:08 org.mybatis.logging.Logger.debug(Logger.java:49) Logger.java DEBUG JDBC Connection [com.mysql.cj.jdbc.ConnectionImpl@44f3fe83] will not be managed by Spring
2023-03-06   08:58:08 org.apache.ibatis.logging.jdbc.BaseJdbcLogger.debug(BaseJdbcLogger.java:137) BaseJdbcLogger.java DEBUG ==>  Preparing: select * from `account`
2023-03-06   08:58:08 org.apache.ibatis.logging.jdbc.BaseJdbcLogger.debug(BaseJdbcLogger.java:137) BaseJdbcLogger.java DEBUG ==> Parameters: 
2023-03-06   08:58:08 org.apache.ibatis.logging.jdbc.BaseJdbcLogger.debug(BaseJdbcLogger.java:137) BaseJdbcLogger.java DEBUG <==      Total: 8
2023-03-06   08:58:08 org.mybatis.logging.Logger.debug(Logger.java:49) Logger.java DEBUG Closing non transactional SqlSession [org.apache.ibatis.session.defaults.DefaultSqlSession@3aaf4f07]
2023-03-06   09:07:55 org.apache.ibatis.logging.LogFactory.setImplementation(LogFactory.java:105) LogFactory.java DEBUG Logging initialized using 'class org.apache.ibatis.logging.log4j.Log4jImpl' adapter.
2023-03-06   09:07:55 org.mybatis.logging.Logger.debug(Logger.java:49) Logger.java DEBUG Creating a new SqlSession
2023-03-06   09:07:55 org.mybatis.logging.Logger.debug(Logger.java:49) Logger.java DEBUG SqlSession [org.apache.ibatis.session.defaults.DefaultSqlSession@6b85300e] was not registered for synchronization because synchronization is not active
2023-03-06   09:07:55 org.mybatis.logging.Logger.debug(Logger.java:49) Logger.java DEBUG JDBC Connection [com.mysql.cj.jdbc.ConnectionImpl@4bee18dc] will not be managed by Spring
2023-03-06   09:07:55 org.apache.ibatis.logging.jdbc.BaseJdbcLogger.debug(BaseJdbcLogger.java:137) BaseJdbcLogger.java DEBUG ==>  Preparing: select * from `account`
2023-03-06   09:07:55 org.apache.ibatis.logging.jdbc.BaseJdbcLogger.debug(BaseJdbcLogger.java:137) BaseJdbcLogger.java DEBUG ==> Parameters: 
2023-03-06   09:07:55 org.apache.ibatis.logging.jdbc.BaseJdbcLogger.debug(BaseJdbcLogger.java:137) BaseJdbcLogger.java DEBUG <==      Total: 8
2023-03-06   09:07:55 org.mybatis.logging.Logger.debug(Logger.java:49) Logger.java DEBUG Closing non transactional SqlSession [org.apache.ibatis.session.defaults.DefaultSqlSession@6b85300e]
2023-03-06   09:08:26 org.apache.ibatis.logging.LogFactory.setImplementation(LogFactory.java:105) LogFactory.java DEBUG Logging initialized using 'class org.apache.ibatis.logging.log4j.Log4jImpl' adapter.
2023-03-06   09:08:26 org.mybatis.logging.Logger.debug(Logger.java:49) Logger.java DEBUG Creating a new SqlSession
2023-03-06   09:08:26 org.mybatis.logging.Logger.debug(Logger.java:49) Logger.java DEBUG SqlSession [org.apache.ibatis.session.defaults.DefaultSqlSession@3aaf4f07] was not registered for synchronization because synchronization is not active
2023-03-06   09:08:26 org.mybatis.logging.Logger.debug(Logger.java:49) Logger.java DEBUG JDBC Connection [com.mysql.cj.jdbc.ConnectionImpl@44f3fe83] will not be managed by Spring
2023-03-06   09:08:26 org.apache.ibatis.logging.jdbc.BaseJdbcLogger.debug(BaseJdbcLogger.java:137) BaseJdbcLogger.java DEBUG ==>  Preparing: select * from `account`
2023-03-06   09:08:26 org.apache.ibatis.logging.jdbc.BaseJdbcLogger.debug(BaseJdbcLogger.java:137) BaseJdbcLogger.java DEBUG ==> Parameters: 
2023-03-06   09:08:26 org.apache.ibatis.logging.jdbc.BaseJdbcLogger.debug(BaseJdbcLogger.java:137) BaseJdbcLogger.java DEBUG <==      Total: 8
2023-03-06   09:08:26 org.mybatis.logging.Logger.debug(Logger.java:49) Logger.java DEBUG Closing non transactional SqlSession [org.apache.ibatis.session.defaults.DefaultSqlSession@3aaf4f07]
2023-03-22   18:09:49 org.apache.ibatis.logging.LogFactory.setImplementation(LogFactory.java:105) LogFactory.java DEBUG Logging initialized using 'class org.apache.ibatis.logging.log4j.Log4jImpl' adapter.
2023-03-22   18:09:49 org.mybatis.logging.Logger.debug(Logger.java:49) Logger.java DEBUG Creating a new SqlSession
2023-03-22   18:09:49 org.mybatis.logging.Logger.debug(Logger.java:49) Logger.java DEBUG SqlSession [org.apache.ibatis.session.defaults.DefaultSqlSession@6b85300e] was not registered for synchronization because synchronization is not active
2023-03-22   18:09:50 org.mybatis.logging.Logger.debug(Logger.java:49) Logger.java DEBUG JDBC Connection [com.mysql.cj.jdbc.ConnectionImpl@4bee18dc] will not be managed by Spring
2023-03-22   18:09:50 org.apache.ibatis.logging.jdbc.BaseJdbcLogger.debug(BaseJdbcLogger.java:137) BaseJdbcLogger.java DEBUG ==>  Preparing: select * from `account`
2023-03-22   18:09:50 org.apache.ibatis.logging.jdbc.BaseJdbcLogger.debug(BaseJdbcLogger.java:137) BaseJdbcLogger.java DEBUG ==> Parameters: 
2023-03-22   18:09:50 org.apache.ibatis.logging.jdbc.BaseJdbcLogger.debug(BaseJdbcLogger.java:137) BaseJdbcLogger.java DEBUG <==      Total: 8
2023-03-22   18:09:50 org.mybatis.logging.Logger.debug(Logger.java:49) Logger.java DEBUG Closing non transactional SqlSession [org.apache.ibatis.session.defaults.DefaultSqlSession@6b85300e]
2023-03-22   18:14:33 org.apache.ibatis.logging.LogFactory.setImplementation(LogFactory.java:105) LogFactory.java DEBUG Logging initialized using 'class org.apache.ibatis.logging.log4j.Log4jImpl' adapter.
2023-03-22   18:14:33 org.mybatis.logging.Logger.debug(Logger.java:49) Logger.java DEBUG Creating a new SqlSession
2023-03-22   18:14:33 org.mybatis.logging.Logger.debug(Logger.java:49) Logger.java DEBUG SqlSession [org.apache.ibatis.session.defaults.DefaultSqlSession@3aaf4f07] was not registered for synchronization because synchronization is not active
2023-03-22   18:14:33 org.mybatis.logging.Logger.debug(Logger.java:49) Logger.java DEBUG JDBC Connection [com.mysql.cj.jdbc.ConnectionImpl@44f3fe83] will not be managed by Spring
2023-03-22   18:14:33 org.apache.ibatis.logging.jdbc.BaseJdbcLogger.debug(BaseJdbcLogger.java:137) BaseJdbcLogger.java DEBUG ==>  Preparing: select * from `account`
2023-03-22   18:14:33 org.apache.ibatis.logging.jdbc.BaseJdbcLogger.debug(BaseJdbcLogger.java:137) BaseJdbcLogger.java DEBUG ==> Parameters: 
2023-03-22   18:14:33 org.apache.ibatis.logging.jdbc.BaseJdbcLogger.debug(BaseJdbcLogger.java:137) BaseJdbcLogger.java DEBUG <==      Total: 8
2023-03-22   18:14:33 org.mybatis.logging.Logger.debug(Logger.java:49) Logger.java DEBUG Closing non transactional SqlSession [org.apache.ibatis.session.defaults.DefaultSqlSession@3aaf4f07]
2023-03-22   18:14:54 org.apache.ibatis.logging.LogFactory.setImplementation(LogFactory.java:105) LogFactory.java DEBUG Logging initialized using 'class org.apache.ibatis.logging.log4j.Log4jImpl' adapter.
2023-03-22   18:14:54 org.mybatis.logging.Logger.debug(Logger.java:49) Logger.java DEBUG Creating a new SqlSession
2023-03-22   18:14:54 org.mybatis.logging.Logger.debug(Logger.java:49) Logger.java DEBUG SqlSession [org.apache.ibatis.session.defaults.DefaultSqlSession@3aaf4f07] was not registered for synchronization because synchronization is not active
2023-03-22   18:14:54 org.mybatis.logging.Logger.debug(Logger.java:49) Logger.java DEBUG JDBC Connection [com.mysql.cj.jdbc.ConnectionImpl@44f3fe83] will not be managed by Spring
2023-03-22   18:14:54 org.apache.ibatis.logging.jdbc.BaseJdbcLogger.debug(BaseJdbcLogger.java:137) BaseJdbcLogger.java DEBUG ==>  Preparing: select * from `account`
2023-03-22   18:14:54 org.apache.ibatis.logging.jdbc.BaseJdbcLogger.debug(BaseJdbcLogger.java:137) BaseJdbcLogger.java DEBUG ==> Parameters: 
2023-03-22   18:14:54 org.apache.ibatis.logging.jdbc.BaseJdbcLogger.debug(BaseJdbcLogger.java:137) BaseJdbcLogger.java DEBUG <==      Total: 8
2023-03-22   18:14:54 org.mybatis.logging.Logger.debug(Logger.java:49) Logger.java DEBUG Closing non transactional SqlSession [org.apache.ibatis.session.defaults.DefaultSqlSession@3aaf4f07]
2023-03-22   18:16:10 org.apache.ibatis.logging.LogFactory.setImplementation(LogFactory.java:105) LogFactory.java DEBUG Logging initialized using 'class org.apache.ibatis.logging.log4j.Log4jImpl' adapter.
2023-03-22   18:16:11 org.mybatis.logging.Logger.debug(Logger.java:49) Logger.java DEBUG Creating a new SqlSession
2023-03-22   18:16:11 org.mybatis.logging.Logger.debug(Logger.java:49) Logger.java DEBUG SqlSession [org.apache.ibatis.session.defaults.DefaultSqlSession@3aaf4f07] was not registered for synchronization because synchronization is not active
2023-03-22   18:16:11 org.mybatis.logging.Logger.debug(Logger.java:49) Logger.java DEBUG JDBC Connection [com.mysql.cj.jdbc.ConnectionImpl@44f3fe83] will not be managed by Spring
2023-03-22   18:16:11 org.apache.ibatis.logging.jdbc.BaseJdbcLogger.debug(BaseJdbcLogger.java:137) BaseJdbcLogger.java DEBUG ==>  Preparing: select * from `account`
2023-03-22   18:16:11 org.apache.ibatis.logging.jdbc.BaseJdbcLogger.debug(BaseJdbcLogger.java:137) BaseJdbcLogger.java DEBUG ==> Parameters: 
2023-03-22   18:16:11 org.apache.ibatis.logging.jdbc.BaseJdbcLogger.debug(BaseJdbcLogger.java:137) BaseJdbcLogger.java DEBUG <==      Total: 8
2023-03-22   18:16:11 org.mybatis.logging.Logger.debug(Logger.java:49) Logger.java DEBUG Closing non transactional SqlSession [org.apache.ibatis.session.defaults.DefaultSqlSession@3aaf4f07]
2023-03-22   18:17:45 org.apache.ibatis.logging.LogFactory.setImplementation(LogFactory.java:105) LogFactory.java DEBUG Logging initialized using 'class org.apache.ibatis.logging.log4j.Log4jImpl' adapter.
2023-03-22   19:07:43 org.apache.ibatis.logging.LogFactory.setImplementation(LogFactory.java:105) LogFactory.java DEBUG Logging initialized using 'class org.apache.ibatis.logging.log4j.Log4jImpl' adapter.
2023-03-22   19:07:44 org.mybatis.logging.Logger.debug(Logger.java:49) Logger.java DEBUG Creating a new SqlSession
2023-03-22   19:07:44 org.mybatis.logging.Logger.debug(Logger.java:49) Logger.java DEBUG SqlSession [org.apache.ibatis.session.defaults.DefaultSqlSession@5b69fd74] was not registered for synchronization because synchronization is not active
2023-03-22   19:07:44 org.mybatis.logging.Logger.debug(Logger.java:49) Logger.java DEBUG JDBC Connection [com.mysql.cj.jdbc.ConnectionImpl@773c0293] will not be managed by Spring
2023-03-22   19:07:44 org.apache.ibatis.logging.jdbc.BaseJdbcLogger.debug(BaseJdbcLogger.java:137) BaseJdbcLogger.java DEBUG ==>  Preparing: select * from `account`
2023-03-22   19:07:44 org.apache.ibatis.logging.jdbc.BaseJdbcLogger.debug(BaseJdbcLogger.java:137) BaseJdbcLogger.java DEBUG ==> Parameters: 
2023-03-22   19:07:44 org.apache.ibatis.logging.jdbc.BaseJdbcLogger.debug(BaseJdbcLogger.java:137) BaseJdbcLogger.java DEBUG <==      Total: 8
2023-03-22   19:07:44 org.mybatis.logging.Logger.debug(Logger.java:49) Logger.java DEBUG Closing non transactional SqlSession [org.apache.ibatis.session.defaults.DefaultSqlSession@5b69fd74]
2023-03-22   20:44:03 org.apache.ibatis.logging.LogFactory.setImplementation(LogFactory.java:105) LogFactory.java DEBUG Logging initialized using 'class org.apache.ibatis.logging.log4j.Log4jImpl' adapter.
2023-03-22   20:45:00 org.mybatis.logging.Logger.debug(Logger.java:49) Logger.java DEBUG Creating a new SqlSession
2023-03-22   20:45:00 org.mybatis.logging.Logger.debug(Logger.java:49) Logger.java DEBUG SqlSession [org.apache.ibatis.session.defaults.DefaultSqlSession@e362c57] was not registered for synchronization because synchronization is not active
2023-03-22   20:45:01 org.mybatis.logging.Logger.debug(Logger.java:49) Logger.java DEBUG JDBC Connection [com.mysql.cj.jdbc.ConnectionImpl@388b401d] will not be managed by Spring
2023-03-22   20:45:01 org.apache.ibatis.logging.jdbc.BaseJdbcLogger.debug(BaseJdbcLogger.java:137) BaseJdbcLogger.java DEBUG ==>  Preparing: select * from `account`
2023-03-22   20:45:01 org.apache.ibatis.logging.jdbc.BaseJdbcLogger.debug(BaseJdbcLogger.java:137) BaseJdbcLogger.java DEBUG ==> Parameters: 
2023-03-22   20:45:02 org.apache.ibatis.logging.jdbc.BaseJdbcLogger.debug(BaseJdbcLogger.java:137) BaseJdbcLogger.java DEBUG <==      Total: 8
2023-03-22   20:45:02 org.mybatis.logging.Logger.debug(Logger.java:49) Logger.java DEBUG Closing non transactional SqlSession [org.apache.ibatis.session.defaults.DefaultSqlSession@e362c57]
2023-03-22   21:42:09 org.apache.ibatis.logging.LogFactory.setImplementation(LogFactory.java:105) LogFactory.java DEBUG Logging initialized using 'class org.apache.ibatis.logging.log4j.Log4jImpl' adapter.
2023-03-22   21:42:09 org.mybatis.logging.Logger.debug(Logger.java:49) Logger.java DEBUG Creating a new SqlSession
2023-03-22   21:42:09 org.mybatis.logging.Logger.debug(Logger.java:49) Logger.java DEBUG SqlSession [org.apache.ibatis.session.defaults.DefaultSqlSession@3aaf4f07] was not registered for synchronization because synchronization is not active
2023-03-22   21:42:09 org.mybatis.logging.Logger.debug(Logger.java:49) Logger.java DEBUG JDBC Connection [com.mysql.cj.jdbc.ConnectionImpl@44f3fe83] will not be managed by Spring
2023-03-22   21:42:09 org.apache.ibatis.logging.jdbc.BaseJdbcLogger.debug(BaseJdbcLogger.java:137) BaseJdbcLogger.java DEBUG ==>  Preparing: select * from `account`
2023-03-22   21:42:10 org.apache.ibatis.logging.jdbc.BaseJdbcLogger.debug(BaseJdbcLogger.java:137) BaseJdbcLogger.java DEBUG ==> Parameters: 
2023-03-22   21:42:10 org.apache.ibatis.logging.jdbc.BaseJdbcLogger.debug(BaseJdbcLogger.java:137) BaseJdbcLogger.java DEBUG <==      Total: 8
2023-03-22   21:42:10 org.mybatis.logging.Logger.debug(Logger.java:49) Logger.java DEBUG Closing non transactional SqlSession [org.apache.ibatis.session.defaults.DefaultSqlSession@3aaf4f07]
2023-03-22   21:42:58 org.apache.ibatis.logging.LogFactory.setImplementation(LogFactory.java:105) LogFactory.java DEBUG Logging initialized using 'class org.apache.ibatis.logging.log4j.Log4jImpl' adapter.
2023-03-22   21:42:59 org.mybatis.logging.Logger.debug(Logger.java:49) Logger.java DEBUG Creating a new SqlSession
2023-03-22   21:42:59 org.mybatis.logging.Logger.debug(Logger.java:49) Logger.java DEBUG SqlSession [org.apache.ibatis.session.defaults.DefaultSqlSession@3aaf4f07] was not registered for synchronization because synchronization is not active
2023-03-22   21:42:59 org.mybatis.logging.Logger.debug(Logger.java:49) Logger.java DEBUG JDBC Connection [com.mysql.cj.jdbc.ConnectionImpl@44f3fe83] will not be managed by Spring
2023-03-22   21:42:59 org.apache.ibatis.logging.jdbc.BaseJdbcLogger.debug(BaseJdbcLogger.java:137) BaseJdbcLogger.java DEBUG ==>  Preparing: select * from `account`
2023-03-22   21:42:59 org.apache.ibatis.logging.jdbc.BaseJdbcLogger.debug(BaseJdbcLogger.java:137) BaseJdbcLogger.java DEBUG ==> Parameters: 
2023-03-22   21:42:59 org.apache.ibatis.logging.jdbc.BaseJdbcLogger.debug(BaseJdbcLogger.java:137) BaseJdbcLogger.java DEBUG <==      Total: 8
2023-03-22   21:42:59 org.mybatis.logging.Logger.debug(Logger.java:49) Logger.java DEBUG Closing non transactional SqlSession [org.apache.ibatis.session.defaults.DefaultSqlSession@3aaf4f07]
2023-03-22   21:45:58 org.apache.ibatis.logging.LogFactory.setImplementation(LogFactory.java:105) LogFactory.java DEBUG Logging initialized using 'class org.apache.ibatis.logging.log4j.Log4jImpl' adapter.
2023-03-22   21:45:58 org.mybatis.logging.Logger.debug(Logger.java:49) Logger.java DEBUG Creating a new SqlSession
2023-03-22   21:45:58 org.mybatis.logging.Logger.debug(Logger.java:49) Logger.java DEBUG SqlSession [org.apache.ibatis.session.defaults.DefaultSqlSession@6b85300e] was not registered for synchronization because synchronization is not active
2023-03-22   21:45:58 org.mybatis.logging.Logger.debug(Logger.java:49) Logger.java DEBUG JDBC Connection [com.mysql.cj.jdbc.ConnectionImpl@4bee18dc] will not be managed by Spring
2023-03-22   21:45:58 org.apache.ibatis.logging.jdbc.BaseJdbcLogger.debug(BaseJdbcLogger.java:137) BaseJdbcLogger.java DEBUG ==>  Preparing: select * from `account`
2023-03-22   21:45:58 org.apache.ibatis.logging.jdbc.BaseJdbcLogger.debug(BaseJdbcLogger.java:137) BaseJdbcLogger.java DEBUG ==> Parameters: 
2023-03-22   21:45:58 org.apache.ibatis.logging.jdbc.BaseJdbcLogger.debug(BaseJdbcLogger.java:137) BaseJdbcLogger.java DEBUG <==      Total: 8
2023-03-22   21:45:58 org.mybatis.logging.Logger.debug(Logger.java:49) Logger.java DEBUG Closing non transactional SqlSession [org.apache.ibatis.session.defaults.DefaultSqlSession@6b85300e]
2023-03-22   21:48:00 org.apache.ibatis.logging.LogFactory.setImplementation(LogFactory.java:105) LogFactory.java DEBUG Logging initialized using 'class org.apache.ibatis.logging.log4j.Log4jImpl' adapter.
2023-03-22   21:48:00 org.mybatis.logging.Logger.debug(Logger.java:49) Logger.java DEBUG Creating a new SqlSession
2023-03-22   21:48:00 org.mybatis.logging.Logger.debug(Logger.java:49) Logger.java DEBUG SqlSession [org.apache.ibatis.session.defaults.DefaultSqlSession@18e8473e] was not registered for synchronization because synchronization is not active
2023-03-22   21:48:00 org.mybatis.logging.Logger.debug(Logger.java:49) Logger.java DEBUG JDBC Connection [com.mysql.cj.jdbc.ConnectionImpl@417d6615] will not be managed by Spring
2023-03-22   21:48:00 org.apache.ibatis.logging.jdbc.BaseJdbcLogger.debug(BaseJdbcLogger.java:137) BaseJdbcLogger.java DEBUG ==>  Preparing: select * from `account`
2023-03-22   21:48:00 org.apache.ibatis.logging.jdbc.BaseJdbcLogger.debug(BaseJdbcLogger.java:137) BaseJdbcLogger.java DEBUG ==> Parameters: 
2023-03-22   21:48:00 org.apache.ibatis.logging.jdbc.BaseJdbcLogger.debug(BaseJdbcLogger.java:137) BaseJdbcLogger.java DEBUG <==      Total: 8
2023-03-22   21:48:00 org.mybatis.logging.Logger.debug(Logger.java:49) Logger.java DEBUG Closing non transactional SqlSession [org.apache.ibatis.session.defaults.DefaultSqlSession@18e8473e]
2023-03-22   21:48:34 org.apache.ibatis.logging.LogFactory.setImplementation(LogFactory.java:105) LogFactory.java DEBUG Logging initialized using 'class org.apache.ibatis.logging.log4j.Log4jImpl' adapter.
2023-03-22   21:48:34 org.mybatis.logging.Logger.debug(Logger.java:49) Logger.java DEBUG Creating a new SqlSession
2023-03-22   21:48:34 org.mybatis.logging.Logger.debug(Logger.java:49) Logger.java DEBUG SqlSession [org.apache.ibatis.session.defaults.DefaultSqlSession@18e8473e] was not registered for synchronization because synchronization is not active
2023-03-22   21:48:34 org.mybatis.logging.Logger.debug(Logger.java:49) Logger.java DEBUG JDBC Connection [com.mysql.cj.jdbc.ConnectionImpl@417d6615] will not be managed by Spring
2023-03-22   21:48:34 org.apache.ibatis.logging.jdbc.BaseJdbcLogger.debug(BaseJdbcLogger.java:137) BaseJdbcLogger.java DEBUG ==>  Preparing: select * from `account`
2023-03-22   21:48:34 org.apache.ibatis.logging.jdbc.BaseJdbcLogger.debug(BaseJdbcLogger.java:137) BaseJdbcLogger.java DEBUG ==> Parameters: 
2023-03-22   21:48:34 org.apache.ibatis.logging.jdbc.BaseJdbcLogger.debug(BaseJdbcLogger.java:137) BaseJdbcLogger.java DEBUG <==      Total: 8
2023-03-22   21:48:34 org.mybatis.logging.Logger.debug(Logger.java:49) Logger.java DEBUG Closing non transactional SqlSession [org.apache.ibatis.session.defaults.DefaultSqlSession@18e8473e]
2023-03-22   21:49:44 org.apache.ibatis.logging.LogFactory.setImplementation(LogFactory.java:105) LogFactory.java DEBUG Logging initialized using 'class org.apache.ibatis.logging.log4j.Log4jImpl' adapter.
2023-03-22   21:49:44 org.mybatis.logging.Logger.debug(Logger.java:49) Logger.java DEBUG Creating a new SqlSession
2023-03-22   21:49:44 org.mybatis.logging.Logger.debug(Logger.java:49) Logger.java DEBUG SqlSession [org.apache.ibatis.session.defaults.DefaultSqlSession@18e8473e] was not registered for synchronization because synchronization is not active
2023-03-22   21:49:45 org.mybatis.logging.Logger.debug(Logger.java:49) Logger.java DEBUG JDBC Connection [com.mysql.cj.jdbc.ConnectionImpl@417d6615] will not be managed by Spring
2023-03-22   21:49:45 org.apache.ibatis.logging.jdbc.BaseJdbcLogger.debug(BaseJdbcLogger.java:137) BaseJdbcLogger.java DEBUG ==>  Preparing: select * from `account`
2023-03-22   21:49:45 org.apache.ibatis.logging.jdbc.BaseJdbcLogger.debug(BaseJdbcLogger.java:137) BaseJdbcLogger.java DEBUG ==> Parameters: 
2023-03-22   21:49:45 org.apache.ibatis.logging.jdbc.BaseJdbcLogger.debug(BaseJdbcLogger.java:137) BaseJdbcLogger.java DEBUG <==      Total: 8
2023-03-22   21:49:45 org.mybatis.logging.Logger.debug(Logger.java:49) Logger.java DEBUG Closing non transactional SqlSession [org.apache.ibatis.session.defaults.DefaultSqlSession@18e8473e]
2023-03-22   21:50:52 org.apache.ibatis.logging.LogFactory.setImplementation(LogFactory.java:105) LogFactory.java DEBUG Logging initialized using 'class org.apache.ibatis.logging.log4j.Log4jImpl' adapter.
2023-03-22   21:50:52 org.mybatis.logging.Logger.debug(Logger.java:49) Logger.java DEBUG Creating a new SqlSession
2023-03-22   21:50:52 org.mybatis.logging.Logger.debug(Logger.java:49) Logger.java DEBUG SqlSession [org.apache.ibatis.session.defaults.DefaultSqlSession@18e8473e] was not registered for synchronization because synchronization is not active
2023-03-22   21:50:52 org.mybatis.logging.Logger.debug(Logger.java:49) Logger.java DEBUG JDBC Connection [com.mysql.cj.jdbc.ConnectionImpl@417d6615] will not be managed by Spring
2023-03-22   21:50:52 org.apache.ibatis.logging.jdbc.BaseJdbcLogger.debug(BaseJdbcLogger.java:137) BaseJdbcLogger.java DEBUG ==>  Preparing: select * from `account`
2023-03-22   21:50:52 org.apache.ibatis.logging.jdbc.BaseJdbcLogger.debug(BaseJdbcLogger.java:137) BaseJdbcLogger.java DEBUG ==> Parameters: 
2023-03-22   21:50:52 org.apache.ibatis.logging.jdbc.BaseJdbcLogger.debug(BaseJdbcLogger.java:137) BaseJdbcLogger.java DEBUG <==      Total: 8
2023-03-22   21:50:52 org.mybatis.logging.Logger.debug(Logger.java:49) Logger.java DEBUG Closing non transactional SqlSession [org.apache.ibatis.session.defaults.DefaultSqlSession@18e8473e]
2023-03-23   13:26:47 org.apache.ibatis.logging.LogFactory.setImplementation(LogFactory.java:105) LogFactory.java DEBUG Logging initialized using 'class org.apache.ibatis.logging.log4j.Log4jImpl' adapter.
2023-03-23   13:26:47 org.mybatis.logging.Logger.debug(Logger.java:49) Logger.java DEBUG Creating a new SqlSession
2023-03-23   13:26:47 org.mybatis.logging.Logger.debug(Logger.java:49) Logger.java DEBUG SqlSession [org.apache.ibatis.session.defaults.DefaultSqlSession@18e8473e] was not registered for synchronization because synchronization is not active
2023-03-23   13:26:47 org.mybatis.logging.Logger.debug(Logger.java:49) Logger.java DEBUG JDBC Connection [com.mysql.cj.jdbc.ConnectionImpl@417d6615] will not be managed by Spring
2023-03-23   13:26:47 org.apache.ibatis.logging.jdbc.BaseJdbcLogger.debug(BaseJdbcLogger.java:137) BaseJdbcLogger.java DEBUG ==>  Preparing: select * from `account`
2023-03-23   13:26:47 org.apache.ibatis.logging.jdbc.BaseJdbcLogger.debug(BaseJdbcLogger.java:137) BaseJdbcLogger.java DEBUG ==> Parameters: 
2023-03-23   13:26:47 org.apache.ibatis.logging.jdbc.BaseJdbcLogger.debug(BaseJdbcLogger.java:137) BaseJdbcLogger.java DEBUG <==      Total: 8
2023-03-23   13:26:47 org.mybatis.logging.Logger.debug(Logger.java:49) Logger.java DEBUG Closing non transactional SqlSession [org.apache.ibatis.session.defaults.DefaultSqlSession@18e8473e]
2023-03-23   13:35:54 org.apache.ibatis.logging.LogFactory.setImplementation(LogFactory.java:105) LogFactory.java DEBUG Logging initialized using 'class org.apache.ibatis.logging.log4j.Log4jImpl' adapter.
2023-03-23   13:35:55 org.mybatis.logging.Logger.debug(Logger.java:49) Logger.java DEBUG Creating a new SqlSession
2023-03-23   13:35:55 org.mybatis.logging.Logger.debug(Logger.java:49) Logger.java DEBUG SqlSession [org.apache.ibatis.session.defaults.DefaultSqlSession@18e8473e] was not registered for synchronization because synchronization is not active
2023-03-23   13:35:55 org.mybatis.logging.Logger.debug(Logger.java:49) Logger.java DEBUG JDBC Connection [com.mysql.cj.jdbc.ConnectionImpl@417d6615] will not be managed by Spring
2023-03-23   13:35:55 org.apache.ibatis.logging.jdbc.BaseJdbcLogger.debug(BaseJdbcLogger.java:137) BaseJdbcLogger.java DEBUG ==>  Preparing: select * from `account`
2023-03-23   13:35:55 org.apache.ibatis.logging.jdbc.BaseJdbcLogger.debug(BaseJdbcLogger.java:137) BaseJdbcLogger.java DEBUG ==> Parameters: 
2023-03-23   13:35:55 org.apache.ibatis.logging.jdbc.BaseJdbcLogger.debug(BaseJdbcLogger.java:137) BaseJdbcLogger.java DEBUG <==      Total: 8
2023-03-23   13:35:55 org.mybatis.logging.Logger.debug(Logger.java:49) Logger.java DEBUG Closing non transactional SqlSession [org.apache.ibatis.session.defaults.DefaultSqlSession@18e8473e]
2023-03-23   14:17:56 org.apache.ibatis.logging.LogFactory.setImplementation(LogFactory.java:105) LogFactory.java DEBUG Logging initialized using 'class org.apache.ibatis.logging.log4j.Log4jImpl' adapter.
2023-03-23   14:17:56 org.mybatis.logging.Logger.debug(Logger.java:49) Logger.java DEBUG Creating a new SqlSession
2023-03-23   14:17:56 org.mybatis.logging.Logger.debug(Logger.java:49) Logger.java DEBUG SqlSession [org.apache.ibatis.session.defaults.DefaultSqlSession@3ad394e6] was not registered for synchronization because synchronization is not active
2023-03-23   14:17:56 org.mybatis.logging.Logger.debug(Logger.java:49) Logger.java DEBUG JDBC Connection [com.mysql.cj.jdbc.ConnectionImpl@489543a6] will not be managed by Spring
2023-03-23   14:17:56 org.apache.ibatis.logging.jdbc.BaseJdbcLogger.debug(BaseJdbcLogger.java:137) BaseJdbcLogger.java DEBUG ==>  Preparing: select * from `account`
2023-03-23   14:17:56 org.apache.ibatis.logging.jdbc.BaseJdbcLogger.debug(BaseJdbcLogger.java:137) BaseJdbcLogger.java DEBUG ==> Parameters: 
2023-03-23   14:17:56 org.apache.ibatis.logging.jdbc.BaseJdbcLogger.debug(BaseJdbcLogger.java:137) BaseJdbcLogger.java DEBUG <==      Total: 8
2023-03-23   14:17:56 org.mybatis.logging.Logger.debug(Logger.java:49) Logger.java DEBUG Closing non transactional SqlSession [org.apache.ibatis.session.defaults.DefaultSqlSession@3ad394e6]
2023-03-23   14:28:30 org.apache.ibatis.logging.LogFactory.setImplementation(LogFactory.java:105) LogFactory.java DEBUG Logging initialized using 'class org.apache.ibatis.logging.log4j.Log4jImpl' adapter.
2023-03-23   14:28:30 org.mybatis.logging.Logger.debug(Logger.java:49) Logger.java DEBUG Creating a new SqlSession
2023-03-23   14:28:30 org.mybatis.logging.Logger.debug(Logger.java:49) Logger.java DEBUG SqlSession [org.apache.ibatis.session.defaults.DefaultSqlSession@3ad394e6] was not registered for synchronization because synchronization is not active
2023-03-23   14:28:30 org.mybatis.logging.Logger.debug(Logger.java:49) Logger.java DEBUG JDBC Connection [com.mysql.cj.jdbc.ConnectionImpl@489543a6] will not be managed by Spring
2023-03-23   14:28:30 org.apache.ibatis.logging.jdbc.BaseJdbcLogger.debug(BaseJdbcLogger.java:137) BaseJdbcLogger.java DEBUG ==>  Preparing: select * from `account`
2023-03-23   14:28:30 org.apache.ibatis.logging.jdbc.BaseJdbcLogger.debug(BaseJdbcLogger.java:137) BaseJdbcLogger.java DEBUG ==> Parameters: 
2023-03-23   14:28:30 org.apache.ibatis.logging.jdbc.BaseJdbcLogger.debug(BaseJdbcLogger.java:137) BaseJdbcLogger.java DEBUG <==      Total: 8
2023-03-23   14:28:30 org.mybatis.logging.Logger.debug(Logger.java:49) Logger.java DEBUG Closing non transactional SqlSession [org.apache.ibatis.session.defaults.DefaultSqlSession@3ad394e6]
2023-03-23   14:28:58 org.apache.ibatis.logging.LogFactory.setImplementation(LogFactory.java:105) LogFactory.java DEBUG Logging initialized using 'class org.apache.ibatis.logging.log4j.Log4jImpl' adapter.
2023-03-23   14:28:58 org.mybatis.logging.Logger.debug(Logger.java:49) Logger.java DEBUG Creating a new SqlSession
2023-03-23   14:28:58 org.mybatis.logging.Logger.debug(Logger.java:49) Logger.java DEBUG SqlSession [org.apache.ibatis.session.defaults.DefaultSqlSession@3ad394e6] was not registered for synchronization because synchronization is not active
2023-03-23   14:28:58 org.mybatis.logging.Logger.debug(Logger.java:49) Logger.java DEBUG JDBC Connection [com.mysql.cj.jdbc.ConnectionImpl@489543a6] will not be managed by Spring
2023-03-23   14:28:58 org.apache.ibatis.logging.jdbc.BaseJdbcLogger.debug(BaseJdbcLogger.java:137) BaseJdbcLogger.java DEBUG ==>  Preparing: select * from `account`
2023-03-23   14:28:58 org.apache.ibatis.logging.jdbc.BaseJdbcLogger.debug(BaseJdbcLogger.java:137) BaseJdbcLogger.java DEBUG ==> Parameters: 
2023-03-23   14:28:58 org.apache.ibatis.logging.jdbc.BaseJdbcLogger.debug(BaseJdbcLogger.java:137) BaseJdbcLogger.java DEBUG <==      Total: 8
2023-03-23   14:28:58 org.mybatis.logging.Logger.debug(Logger.java:49) Logger.java DEBUG Closing non transactional SqlSession [org.apache.ibatis.session.defaults.DefaultSqlSession@3ad394e6]
